<?xml version="1.0" encoding="UTF-8"?>
<!-- Generated by org.testng.reporters.JUnitXMLReporter -->
<testsuite hostname="Андрей-ПК" name="Functional Tests" tests="9" failures="0" timestamp="7 Aug 2014 06:17:08 GMT" time="24859.305" errors="0">
  <testcase name="@BeforeClass before" time="0.0" classname="demo.test.Forum">
    <failure type="org.openqa.selenium.remote.UnreachableBrowserException" message="Error communicating with the remote browser. It may have died.
Build info: version: &amp;apos;2.40.0&amp;apos;, revision: &amp;apos;4c5c0568b004f67810ee41c459549aa4b09c651e&amp;apos;, time: &amp;apos;2014-02-19 11:13:01&amp;apos;
System info: host: &amp;apos;Андрей-ПК&amp;apos;, ip: &amp;apos;10.163.2.24&amp;apos;, os.name: &amp;apos;Windows 7&amp;apos;, os.arch: &amp;apos;amd64&amp;apos;, os.version: &amp;apos;6.1&amp;apos;, java.version: &amp;apos;1.8.0_11&amp;apos;
Driver info: driver.version: FirefoxDriver">
      <![CDATA[org.openqa.selenium.remote.UnreachableBrowserException: Error communicating with the remote browser. It may have died.
Build info: version: '2.40.0', revision: '4c5c0568b004f67810ee41c459549aa4b09c651e', time: '2014-02-19 11:13:01'
System info: host: 'Андрей-ПК', ip: '10.163.2.24', os.name: 'Windows 7', os.arch: 'amd64', os.version: '6.1', java.version: '1.8.0_11'
Driver info: driver.version: FirefoxDriver
	at org.openqa.selenium.remote.RemoteWebDriver.execute(RemoteWebDriver.java:548)
	at org.openqa.selenium.firefox.FirefoxDriver.access$100(FirefoxDriver.java:74)
	at org.openqa.selenium.firefox.FirefoxDriver$1$1.implicitlyWait(FirefoxDriver.java:220)
	at webdriver.Browser.getInstance(Browser.java:90)
	at webdriver.BaseEntity.before(BaseEntity.java:215)
Caused by: java.net.ConnectException: Connection refused: connect
	at java.net.DualStackPlainSocketImpl.waitForConnect(Native Method)
	at java.net.DualStackPlainSocketImpl.socketConnect(Unknown Source)
	at java.net.AbstractPlainSocketImpl.doConnect(Unknown Source)
	at java.net.AbstractPlainSocketImpl.connectToAddress(Unknown Source)
	at java.net.AbstractPlainSocketImpl.connect(Unknown Source)
	at java.net.PlainSocketImpl.connect(Unknown Source)
	at java.net.SocksSocketImpl.connect(Unknown Source)
	at java.net.Socket.connect(Unknown Source)
	at org.apache.http.conn.scheme.PlainSocketFactory.connectSocket(PlainSocketFactory.java:117)
	at org.apache.http.impl.conn.DefaultClientConnectionOperator.openConnection(DefaultClientConnectionOperator.java:178)
	at org.apache.http.impl.conn.AbstractPoolEntry.open(AbstractPoolEntry.java:144)
	at org.apache.http.impl.conn.AbstractPooledConnAdapter.open(AbstractPooledConnAdapter.java:131)
	at org.apache.http.impl.client.DefaultRequestDirector.tryConnect(DefaultRequestDirector.java:610)
	at org.apache.http.impl.client.DefaultRequestDirector.execute(DefaultRequestDirector.java:445)
	at org.apache.http.impl.client.AbstractHttpClient.doExecute(AbstractHttpClient.java:863)
	at org.apache.http.impl.client.CloseableHttpClient.execute(CloseableHttpClient.java:72)
	at org.apache.http.impl.client.CloseableHttpClient.execute(CloseableHttpClient.java:57)
	at org.openqa.selenium.remote.HttpCommandExecutor.fallBackExecute(HttpCommandExecutor.java:319)
	at org.openqa.selenium.remote.HttpCommandExecutor.execute(HttpCommandExecutor.java:298)
	at org.openqa.selenium.firefox.internal.NewProfileExtensionConnection.execute(NewProfileExtensionConnection.java:165)
	at org.openqa.selenium.firefox.FirefoxDriver$LazyCommandExecutor.execute(FirefoxDriver.java:363)
	at org.openqa.selenium.remote.RemoteWebDriver.execute(RemoteWebDriver.java:527)
	... 28 more
... Removed 24 stack frames]]>
    </failure>
  </testcase> <!-- @BeforeClass before -->
  <testcase name="@AfterClass after" time="0.0" classname="demo.test.Forum">
    <skipped/>
  </testcase> <!-- @AfterClass after -->
  <testcase name="@BeforeClass before" time="0.0" classname="demo.test.Building">
    <skipped/>
  </testcase> <!-- @BeforeClass before -->
  <testcase name="@AfterClass after" time="0.0" classname="demo.test.Building">
    <skipped/>
  </testcase> <!-- @AfterClass after -->
  <testcase name="@BeforeClass before" time="0.0" classname="demo.test.Login">
    <skipped/>
  </testcase> <!-- @BeforeClass before -->
  <testcase name="@AfterClass after" time="0.0" classname="demo.test.Login">
    <skipped/>
  </testcase> <!-- @AfterClass after -->
  <testcase name="@BeforeClass before" time="0.0" classname="demo.test.PrivateOffice">
    <skipped/>
  </testcase> <!-- @BeforeClass before -->
  <testcase name="@AfterClass after" time="0.0" classname="demo.test.PrivateOffice">
    <skipped/>
  </testcase> <!-- @AfterClass after -->
  <testcase name="@BeforeClass before" time="0.0" classname="demo.test.Comment">
    <skipped/>
  </testcase> <!-- @BeforeClass before -->
  <testcase name="@AfterClass after" time="0.0" classname="demo.test.Comment">
    <skipped/>
  </testcase> <!-- @AfterClass after -->
  <testcase name="@BeforeClass before" time="0.0" classname="demo.test.Logout">
    <skipped/>
  </testcase> <!-- @BeforeClass before -->
  <testcase name="@AfterClass after" time="0.0" classname="demo.test.Logout">
    <skipped/>
  </testcase> <!-- @AfterClass after -->
  <testcase name="xTest" time="28.79" classname="demo.test.Finance"/>
  <testcase name="xTest" time="23.956" classname="demo.test.TVset"/>
  <testcase name="xTest" time="49.512" classname="demo.test.Shop"/>
  <testcase name="xTest" time="0.203" classname="demo.test.Forum">
    <skipped/>
  </testcase> <!-- xTest -->
  <testcase name="xTest" time="0.0" classname="demo.test.Building">
    <skipped/>
  </testcase> <!-- xTest -->
  <testcase name="xTest" time="0.0" classname="demo.test.Login">
    <skipped/>
  </testcase> <!-- xTest -->
  <testcase name="xTest" time="0.0" classname="demo.test.PrivateOffice">
    <skipped/>
  </testcase> <!-- xTest -->
  <testcase name="xTest" time="0.0" classname="demo.test.Comment">
    <skipped/>
  </testcase> <!-- xTest -->
  <testcase name="xTest" time="0.0" classname="demo.test.Logout">
    <skipped/>
  </testcase> <!-- xTest -->
</testsuite> <!-- Functional Tests -->
